2024-08-22 01:03:18.441 INFO [main] [api.Payload.DieticianPayload.readRow(DieticianPayload.java:49)] - Looking for test case in Excel file: FULL
2024-08-22 01:03:18.449 INFO [main] [api.Payload.DieticianPayload.readRow(DieticianPayload.java:68)] - Read dietician from Excel file: Dietician [firstName=JohnFull, lastName=DoeFull, email=johndoe25full@gmail.com, contactNumber=1144567893, education=Education 1, dateOfBirth=1978-01-08T01:01:01.111Z, hospitalName=HospitalName 1, hospitalStreet=HospitalStreet 1, hospitalPincode=111111, hospitalCity=HospitalCity 1, id=null, password=null]
2024-08-22 01:03:18.948 INFO [main] [api.StepDefinitions.DieticianCreateSteps.dietician_creation_succeeds_with_http_201(DieticianCreateSteps.java:73)] - Create Dietician succeeded with status code: 201
2024-08-22 01:03:19.427 INFO [main] [api.Payload.DieticianPayload.readRow(DieticianPayload.java:49)] - Looking for test case in Excel file: FULL
2024-08-22 01:03:19.428 INFO [main] [api.Payload.DieticianPayload.readRow(DieticianPayload.java:68)] - Read dietician from Excel file: Dietician [firstName=JohnFull, lastName=DoeFull, email=johndoe25full@gmail.com, contactNumber=1144567893, education=Education 1, dateOfBirth=1978-01-08T01:01:01.111Z, hospitalName=HospitalName 1, hospitalStreet=HospitalStreet 1, hospitalPincode=111111, hospitalCity=HospitalCity 1, id=null, password=null]
2024-08-22 01:03:20.497 INFO [main] [api.Payload.DieticianPayload.readRow(DieticianPayload.java:49)] - Looking for test case in Excel file: FULL
2024-08-22 01:03:20.497 INFO [main] [api.Payload.DieticianPayload.readRow(DieticianPayload.java:68)] - Read dietician from Excel file: Dietician [firstName=JohnFull, lastName=DoeFull, email=johndoe25full@gmail.com, contactNumber=1144567893, education=Education 1, dateOfBirth=1978-01-08T01:01:01.111Z, hospitalName=HospitalName 1, hospitalStreet=HospitalStreet 1, hospitalPincode=111111, hospitalCity=HospitalCity 1, id=null, password=null]
2024-08-22 01:03:21.143 INFO [main] [api.Payload.DieticianPayload.readRow(DieticianPayload.java:49)] - Looking for test case in Excel file: MANDATORY
2024-08-22 01:03:21.144 INFO [main] [api.Payload.DieticianPayload.readRow(DieticianPayload.java:68)] - Read dietician from Excel file: Dietician [firstName=JohnMandatory, lastName=DoeMandatory, email=johndoe36mandatory@gmail.com, contactNumber=2254422256, education=Education 2, dateOfBirth=1983-02-15T02:02:02.222Z, hospitalName=HospitalName 2, hospitalStreet=HospitalStreet 2, hospitalPincode=222222, hospitalCity=HospitalCity 2, id=null, password=null]
2024-08-22 01:03:21.498 INFO [main] [api.StepDefinitions.DieticianCreateSteps.dietician_creation_succeeds_with_http_201(DieticianCreateSteps.java:73)] - Create Dietician succeeded with status code: 201
2024-08-22 01:03:21.959 INFO [main] [api.Payload.DieticianPayload.readRow(DieticianPayload.java:49)] - Looking for test case in Excel file: ADDITIONAL
2024-08-22 01:03:21.961 INFO [main] [api.Payload.DieticianPayload.readRow(DieticianPayload.java:68)] - Read dietician from Excel file: Dietician [firstName=JohnAdditional, lastName=DoeAdditional, email=johndoeadditional@gmail.com, contactNumber=3333333333, education=Education 3, dateOfBirth=1903-03-03T03:03:03.333Z, hospitalName=HospitalName 3, hospitalStreet=HospitalStreet 3, hospitalPincode=333333, hospitalCity=HospitalCity 3, id=null, password=null]
2024-08-22 01:03:22.601 INFO [main] [api.Payload.DieticianPayload.readRow(DieticianPayload.java:49)] - Looking for test case in Excel file: INVALID
2024-08-22 01:03:22.602 INFO [main] [api.Payload.DieticianPayload.readRow(DieticianPayload.java:68)] - Read dietician from Excel file: Dietician [firstName=JohnInvalidPincode, lastName=DoeInvalidPincode, email=johndoeinvalid@gmail.com, contactNumber=4444444444, education=Education 4, dateOfBirth=1904-04-04T04:04:04.444Z, hospitalName=HospitalName 4, hospitalStreet=HospitalStreet 4, hospitalPincode=444444444444444444, hospitalCity=HospitalCity 4, id=null, password=null]
2024-08-22 01:03:23.248 INFO [main] [api.Payload.DieticianPayload.readRow(DieticianPayload.java:49)] - Looking for test case in Excel file: FULL
2024-08-22 01:03:23.249 INFO [main] [api.Payload.DieticianPayload.readRow(DieticianPayload.java:68)] - Read dietician from Excel file: Dietician [firstName=JohnFull, lastName=DoeFull, email=johndoe25full@gmail.com, contactNumber=1144567893, education=Education 1, dateOfBirth=1978-01-08T01:01:01.111Z, hospitalName=HospitalName 1, hospitalStreet=HospitalStreet 1, hospitalPincode=111111, hospitalCity=HospitalCity 1, id=null, password=null]
2024-08-22 01:03:23.911 INFO [main] [api.Payload.DieticianPayload.readRow(DieticianPayload.java:49)] - Looking for test case in Excel file: FULL
2024-08-22 01:03:23.912 INFO [main] [api.Payload.DieticianPayload.readRow(DieticianPayload.java:68)] - Read dietician from Excel file: Dietician [firstName=JohnFull, lastName=DoeFull, email=johndoe25full@gmail.com, contactNumber=1144567893, education=Education 1, dateOfBirth=1978-01-08T01:01:01.111Z, hospitalName=HospitalName 1, hospitalStreet=HospitalStreet 1, hospitalPincode=111111, hospitalCity=HospitalCity 1, id=null, password=null]
2024-08-22 01:03:24.621 INFO [main] [api.Payload.DieticianPayload.readRow(DieticianPayload.java:49)] - Looking for test case in Excel file: FULL
2024-08-22 01:03:24.622 INFO [main] [api.Payload.DieticianPayload.readRow(DieticianPayload.java:68)] - Read dietician from Excel file: Dietician [firstName=JohnFull, lastName=DoeFull, email=johndoe25full@gmail.com, contactNumber=1144567893, education=Education 1, dateOfBirth=1978-01-08T01:01:01.111Z, hospitalName=HospitalName 1, hospitalStreet=HospitalStreet 1, hospitalPincode=111111, hospitalCity=HospitalCity 1, id=null, password=null]
2024-08-22 01:03:24.628 ERROR [main] [api.Request.DieticianRequest.createDietician(DieticianRequest.java:49)] - Failed to create dietician
java.lang.IllegalArgumentException: Cannot serialize because cannot determine how to serialize content-type text/plain
	at jdk.internal.reflect.DirectConstructorHandleAccessor.newInstance(DirectConstructorHandleAccessor.java:62) ~[?:?]
	at java.lang.reflect.Constructor.newInstanceWithCaller(Constructor.java:502) ~[?:?]
	at java.lang.reflect.Constructor.newInstance(Constructor.java:486) ~[?:?]
	at org.codehaus.groovy.reflection.CachedConstructor.invoke(CachedConstructor.java:73) ~[groovy-4.0.11.jar:4.0.11]
	at org.codehaus.groovy.reflection.CachedConstructor.doConstructorInvoke(CachedConstructor.java:60) ~[groovy-4.0.11.jar:4.0.11]
	at org.codehaus.groovy.runtime.callsite.ConstructorSite$ConstructorSiteNoUnwrap.callConstructor(ConstructorSite.java:86) ~[groovy-4.0.11.jar:4.0.11]
	at org.codehaus.groovy.runtime.callsite.CallSiteArray.defaultCallConstructor(CallSiteArray.java:57) ~[groovy-4.0.11.jar:4.0.11]
	at org.codehaus.groovy.runtime.callsite.AbstractCallSite.callConstructor(AbstractCallSite.java:263) ~[groovy-4.0.11.jar:4.0.11]
	at org.codehaus.groovy.runtime.callsite.AbstractCallSite.callConstructor(AbstractCallSite.java:277) ~[groovy-4.0.11.jar:4.0.11]
	at io.restassured.internal.mapping.ObjectMapping.serialize(ObjectMapping.groovy:180) ~[rest-assured-5.3.2.jar:?]
	at io.restassured.internal.mapping.ObjectMapping$serialize.call(Unknown Source) ~[?:?]
	at org.codehaus.groovy.runtime.callsite.CallSiteArray.defaultCall(CallSiteArray.java:45) ~[groovy-4.0.11.jar:4.0.11]
	at io.restassured.internal.mapping.ObjectMapping$serialize.call(Unknown Source) ~[?:?]
	at io.restassured.internal.RequestSpecificationImpl.body(RequestSpecificationImpl.groovy:770) ~[rest-assured-5.3.2.jar:?]
	at api.Request.DieticianRequest.createDietician(DieticianRequest.java:40) ~[test-classes/:?]
	at api.StepDefinitions.DieticianCreateSteps.create_dietician_with_admin_auth_token_and_invalid_content_type(DieticianCreateSteps.java:146) ~[test-classes/:?]
	at jdk.internal.reflect.DirectMethodHandleAccessor.invoke(DirectMethodHandleAccessor.java:103) ~[?:?]
	at java.lang.reflect.Method.invoke(Method.java:580) ~[?:?]
	at io.cucumber.java.Invoker.doInvoke(Invoker.java:66) ~[cucumber-java-7.2.3.jar:7.2.3]
	at io.cucumber.java.Invoker.invoke(Invoker.java:24) ~[cucumber-java-7.2.3.jar:7.2.3]
	at io.cucumber.java.AbstractGlueDefinition.invokeMethod(AbstractGlueDefinition.java:47) ~[cucumber-java-7.2.3.jar:7.2.3]
	at io.cucumber.java.JavaStepDefinition.execute(JavaStepDefinition.java:29) ~[cucumber-java-7.2.3.jar:7.2.3]
	at io.cucumber.core.runner.CoreStepDefinition.execute(CoreStepDefinition.java:66) ~[cucumber-core-7.2.3.jar:7.2.3]
	at io.cucumber.core.runner.PickleStepDefinitionMatch.runStep(PickleStepDefinitionMatch.java:63) ~[cucumber-core-7.2.3.jar:7.2.3]
	at io.cucumber.core.runner.ExecutionMode$1.execute(ExecutionMode.java:10) ~[cucumber-core-7.2.3.jar:7.2.3]
	at io.cucumber.core.runner.TestStep.executeStep(TestStep.java:86) ~[cucumber-core-7.2.3.jar:7.2.3]
	at io.cucumber.core.runner.TestStep.run(TestStep.java:57) ~[cucumber-core-7.2.3.jar:7.2.3]
	at io.cucumber.core.runner.PickleStepTestStep.run(PickleStepTestStep.java:51) ~[cucumber-core-7.2.3.jar:7.2.3]
	at io.cucumber.core.runner.TestCase.run(TestCase.java:95) ~[cucumber-core-7.2.3.jar:7.2.3]
	at io.cucumber.core.runner.Runner.runPickle(Runner.java:75) ~[cucumber-core-7.2.3.jar:7.2.3]
	at io.cucumber.testng.TestNGCucumberRunner.lambda$runScenario$1(TestNGCucumberRunner.java:132) ~[cucumber-testng-7.2.3.jar:7.2.3]
	at io.cucumber.core.runtime.CucumberExecutionContext.lambda$runTestCase$3(CucumberExecutionContext.java:151) ~[cucumber-core-7.2.3.jar:7.2.3]
	at io.cucumber.core.runtime.RethrowingThrowableCollector.executeAndThrow(RethrowingThrowableCollector.java:23) ~[cucumber-core-7.2.3.jar:7.2.3]
	at io.cucumber.core.runtime.CucumberExecutionContext.runTestCase(CucumberExecutionContext.java:151) ~[cucumber-core-7.2.3.jar:7.2.3]
	at io.cucumber.testng.TestNGCucumberRunner.runScenario(TestNGCucumberRunner.java:129) ~[cucumber-testng-7.2.3.jar:7.2.3]
	at io.cucumber.testng.AbstractTestNGCucumberTests.runScenario(AbstractTestNGCucumberTests.java:35) ~[cucumber-testng-7.2.3.jar:7.2.3]
	at jdk.internal.reflect.DirectMethodHandleAccessor.invoke(DirectMethodHandleAccessor.java:103) ~[?:?]
	at java.lang.reflect.Method.invoke(Method.java:580) ~[?:?]
	at org.testng.internal.MethodInvocationHelper.invokeMethod(MethodInvocationHelper.java:133) ~[org.testng_7.4.0.r202105021533.jar:7.4.0]
	at org.testng.internal.TestInvoker.invokeMethod(TestInvoker.java:598) ~[org.testng_7.4.0.r202105021533.jar:7.4.0]
	at org.testng.internal.TestInvoker.invokeTestMethod(TestInvoker.java:173) ~[org.testng_7.4.0.r202105021533.jar:7.4.0]
	at org.testng.internal.MethodRunner.runInSequence(MethodRunner.java:46) ~[org.testng_7.4.0.r202105021533.jar:7.4.0]
	at org.testng.internal.TestInvoker$MethodInvocationAgent.invoke(TestInvoker.java:824) ~[org.testng_7.4.0.r202105021533.jar:7.4.0]
	at org.testng.internal.TestInvoker.invokeTestMethods(TestInvoker.java:146) ~[org.testng_7.4.0.r202105021533.jar:7.4.0]
	at org.testng.internal.TestMethodWorker.invokeTestMethods(TestMethodWorker.java:146) ~[org.testng_7.4.0.r202105021533.jar:7.4.0]
	at org.testng.internal.TestMethodWorker.run(TestMethodWorker.java:128) ~[org.testng_7.4.0.r202105021533.jar:7.4.0]
	at java.util.ArrayList.forEach(ArrayList.java:1597) [?:?]
	at org.testng.TestRunner.privateRun(TestRunner.java:794) [org.testng_7.4.0.r202105021533.jar:7.4.0]
	at org.testng.TestRunner.run(TestRunner.java:596) [org.testng_7.4.0.r202105021533.jar:7.4.0]
	at org.testng.SuiteRunner.runTest(SuiteRunner.java:377) [org.testng_7.4.0.r202105021533.jar:7.4.0]
	at org.testng.SuiteRunner.runSequentially(SuiteRunner.java:371) [org.testng_7.4.0.r202105021533.jar:7.4.0]
	at org.testng.SuiteRunner.privateRun(SuiteRunner.java:332) [org.testng_7.4.0.r202105021533.jar:7.4.0]
	at org.testng.SuiteRunner.run(SuiteRunner.java:276) [org.testng_7.4.0.r202105021533.jar:7.4.0]
	at org.testng.SuiteRunnerWorker.runSuite(SuiteRunnerWorker.java:53) [org.testng_7.4.0.r202105021533.jar:7.4.0]
	at org.testng.SuiteRunnerWorker.run(SuiteRunnerWorker.java:96) [org.testng_7.4.0.r202105021533.jar:7.4.0]
	at org.testng.TestNG.runSuitesSequentially(TestNG.java:1212) [org.testng_7.4.0.r202105021533.jar:7.4.0]
	at org.testng.TestNG.runSuitesLocally(TestNG.java:1134) [org.testng_7.4.0.r202105021533.jar:7.4.0]
	at org.testng.TestNG.runSuites(TestNG.java:1063) [org.testng_7.4.0.r202105021533.jar:7.4.0]
	at org.testng.TestNG.run(TestNG.java:1031) [org.testng_7.4.0.r202105021533.jar:7.4.0]
	at org.testng.remote.AbstractRemoteTestNG.run(AbstractRemoteTestNG.java:115) [testng-remote.jar:?]
	at org.testng.remote.RemoteTestNG.initAndRun(RemoteTestNG.java:293) [testng-remote.jar:?]
	at org.testng.remote.RemoteTestNG.main(RemoteTestNG.java:91) [testng-remote.jar:?]
2024-08-22 01:03:29.254 INFO [main] [api.Payload.DieticianPayload.readRow(DieticianPayload.java:49)] - Looking for test case in Excel file: FULL
2024-08-22 01:03:29.254 INFO [main] [api.Payload.DieticianPayload.readRow(DieticianPayload.java:68)] - Read dietician from Excel file: Dietician [firstName=JohnFull, lastName=DoeFull, email=johndoe25full@gmail.com, contactNumber=1144567893, education=Education 1, dateOfBirth=1978-01-08T01:01:01.111Z, hospitalName=HospitalName 1, hospitalStreet=HospitalStreet 1, hospitalPincode=111111, hospitalCity=HospitalCity 1, id=null, password=null]
2024-08-22 01:03:30.581 INFO [main] [api.Payload.DieticianPayload.readRow(DieticianPayload.java:49)] - Looking for test case in Excel file: FULL
2024-08-22 01:03:30.581 INFO [main] [api.Payload.DieticianPayload.readRow(DieticianPayload.java:68)] - Read dietician from Excel file: Dietician [firstName=JohnFull, lastName=DoeFull, email=johndoe25full@gmail.com, contactNumber=1144567893, education=Education 1, dateOfBirth=1978-01-08T01:01:01.111Z, hospitalName=HospitalName 1, hospitalStreet=HospitalStreet 1, hospitalPincode=111111, hospitalCity=HospitalCity 1, id=null, password=null]
2024-08-22 01:03:31.177 INFO [main] [api.Payload.DieticianPayload.readRow(DieticianPayload.java:49)] - Looking for test case in Excel file: FULL
2024-08-22 01:03:31.177 INFO [main] [api.Payload.DieticianPayload.readRow(DieticianPayload.java:68)] - Read dietician from Excel file: Dietician [firstName=JohnFull, lastName=DoeFull, email=johndoe25full@gmail.com, contactNumber=1144567893, education=Education 1, dateOfBirth=1978-01-08T01:01:01.111Z, hospitalName=HospitalName 1, hospitalStreet=HospitalStreet 1, hospitalPincode=111111, hospitalCity=HospitalCity 1, id=null, password=null]
2024-08-22 01:03:31.754 INFO [main] [api.Payload.DieticianPayload.readRow(DieticianPayload.java:49)] - Looking for test case in Excel file: MANDATORY
2024-08-22 01:03:31.754 INFO [main] [api.Payload.DieticianPayload.readRow(DieticianPayload.java:68)] - Read dietician from Excel file: Dietician [firstName=JohnMandatory, lastName=DoeMandatory, email=johndoe36mandatory@gmail.com, contactNumber=2254422256, education=Education 2, dateOfBirth=1983-02-15T02:02:02.222Z, hospitalName=HospitalName 2, hospitalStreet=HospitalStreet 2, hospitalPincode=222222, hospitalCity=HospitalCity 2, id=null, password=null]
2024-08-22 01:03:32.375 INFO [main] [api.Payload.DieticianPayload.readRow(DieticianPayload.java:49)] - Looking for test case in Excel file: ADDITIONAL
2024-08-22 01:03:32.375 INFO [main] [api.Payload.DieticianPayload.readRow(DieticianPayload.java:68)] - Read dietician from Excel file: Dietician [firstName=JohnAdditional, lastName=DoeAdditional, email=johndoeadditional@gmail.com, contactNumber=3333333333, education=Education 3, dateOfBirth=1903-03-03T03:03:03.333Z, hospitalName=HospitalName 3, hospitalStreet=HospitalStreet 3, hospitalPincode=333333, hospitalCity=HospitalCity 3, id=null, password=null]
2024-08-22 01:03:32.966 INFO [main] [api.Payload.DieticianPayload.readRow(DieticianPayload.java:49)] - Looking for test case in Excel file: INVALID
2024-08-22 01:03:32.966 INFO [main] [api.Payload.DieticianPayload.readRow(DieticianPayload.java:68)] - Read dietician from Excel file: Dietician [firstName=JohnInvalidPincode, lastName=DoeInvalidPincode, email=johndoeinvalid@gmail.com, contactNumber=4444444444, education=Education 4, dateOfBirth=1904-04-04T04:04:04.444Z, hospitalName=HospitalName 4, hospitalStreet=HospitalStreet 4, hospitalPincode=444444444444444444, hospitalCity=HospitalCity 4, id=null, password=null]
2024-08-22 01:03:33.548 INFO [main] [api.Payload.DieticianPayload.readRow(DieticianPayload.java:49)] - Looking for test case in Excel file: FULL
2024-08-22 01:03:33.548 INFO [main] [api.Payload.DieticianPayload.readRow(DieticianPayload.java:68)] - Read dietician from Excel file: Dietician [firstName=JohnFull, lastName=DoeFull, email=johndoe25full@gmail.com, contactNumber=1144567893, education=Education 1, dateOfBirth=1978-01-08T01:01:01.111Z, hospitalName=HospitalName 1, hospitalStreet=HospitalStreet 1, hospitalPincode=111111, hospitalCity=HospitalCity 1, id=null, password=null]
2024-08-22 01:03:34.180 INFO [main] [api.Payload.DieticianPayload.readRow(DieticianPayload.java:49)] - Looking for test case in Excel file: FULL
2024-08-22 01:03:34.180 INFO [main] [api.Payload.DieticianPayload.readRow(DieticianPayload.java:68)] - Read dietician from Excel file: Dietician [firstName=JohnFull, lastName=DoeFull, email=johndoe25full@gmail.com, contactNumber=1144567893, education=Education 1, dateOfBirth=1978-01-08T01:01:01.111Z, hospitalName=HospitalName 1, hospitalStreet=HospitalStreet 1, hospitalPincode=111111, hospitalCity=HospitalCity 1, id=null, password=null]
2024-08-22 01:03:34.855 INFO [main] [api.Payload.DieticianPayload.readRow(DieticianPayload.java:49)] - Looking for test case in Excel file: FULL
2024-08-22 01:03:34.856 INFO [main] [api.Payload.DieticianPayload.readRow(DieticianPayload.java:68)] - Read dietician from Excel file: Dietician [firstName=JohnFull, lastName=DoeFull, email=johndoe25full@gmail.com, contactNumber=1144567893, education=Education 1, dateOfBirth=1978-01-08T01:01:01.111Z, hospitalName=HospitalName 1, hospitalStreet=HospitalStreet 1, hospitalPincode=111111, hospitalCity=HospitalCity 1, id=null, password=null]
2024-08-22 01:30:40.349 INFO [main] [api.Payload.DieticianPayload.readRow(DieticianPayload.java:49)] - Looking for test case in Excel file: FULL
2024-08-22 01:30:40.353 INFO [main] [api.Payload.DieticianPayload.readRow(DieticianPayload.java:68)] - Read dietician from Excel file: Dietician [firstName=JohnFull, lastName=DoeFull, email=johndoe26full@gmail.com, contactNumber=1144567892, education=Education 1, dateOfBirth=1978-01-09T01:01:01.111Z, hospitalName=HospitalName 1, hospitalStreet=HospitalStreet 1, hospitalPincode=111111, hospitalCity=HospitalCity 1, id=null, password=null]
2024-08-22 01:30:40.773 INFO [main] [api.StepDefinitions.DieticianCreateSteps.dietician_creation_succeeds_with_http_201(DieticianCreateSteps.java:73)] - Create Dietician succeeded with status code: 201
2024-08-22 01:30:41.274 INFO [main] [api.Payload.DieticianPayload.readRow(DieticianPayload.java:49)] - Looking for test case in Excel file: FULL
2024-08-22 01:30:41.275 INFO [main] [api.Payload.DieticianPayload.readRow(DieticianPayload.java:68)] - Read dietician from Excel file: Dietician [firstName=JohnFull, lastName=DoeFull, email=johndoe26full@gmail.com, contactNumber=1144567892, education=Education 1, dateOfBirth=1978-01-09T01:01:01.111Z, hospitalName=HospitalName 1, hospitalStreet=HospitalStreet 1, hospitalPincode=111111, hospitalCity=HospitalCity 1, id=null, password=null]
2024-08-22 01:30:42.609 INFO [main] [api.Payload.DieticianPayload.readRow(DieticianPayload.java:49)] - Looking for test case in Excel file: FULL
2024-08-22 01:30:42.609 INFO [main] [api.Payload.DieticianPayload.readRow(DieticianPayload.java:68)] - Read dietician from Excel file: Dietician [firstName=JohnFull, lastName=DoeFull, email=johndoe26full@gmail.com, contactNumber=1144567892, education=Education 1, dateOfBirth=1978-01-09T01:01:01.111Z, hospitalName=HospitalName 1, hospitalStreet=HospitalStreet 1, hospitalPincode=111111, hospitalCity=HospitalCity 1, id=null, password=null]
2024-08-22 01:30:43.987 INFO [main] [api.Payload.DieticianPayload.readRow(DieticianPayload.java:49)] - Looking for test case in Excel file: MANDATORY
2024-08-22 01:30:43.988 INFO [main] [api.Payload.DieticianPayload.readRow(DieticianPayload.java:68)] - Read dietician from Excel file: Dietician [firstName=JohnMandatory, lastName=DoeMandatory, email=johndoe37mandatory@gmail.com, contactNumber=2254422257, education=Education 2, dateOfBirth=1983-02-16T02:02:02.222Z, hospitalName=HospitalName 2, hospitalStreet=HospitalStreet 2, hospitalPincode=222222, hospitalCity=HospitalCity 2, id=null, password=null]
2024-08-22 01:30:44.343 INFO [main] [api.StepDefinitions.DieticianCreateSteps.dietician_creation_succeeds_with_http_201(DieticianCreateSteps.java:73)] - Create Dietician succeeded with status code: 201
2024-08-22 01:30:44.870 INFO [main] [api.Payload.DieticianPayload.readRow(DieticianPayload.java:49)] - Looking for test case in Excel file: ADDITIONAL
2024-08-22 01:30:44.871 INFO [main] [api.Payload.DieticianPayload.readRow(DieticianPayload.java:68)] - Read dietician from Excel file: Dietician [firstName=JohnAdditional, lastName=DoeAdditional, email=johndoeadditional@gmail.com, contactNumber=3333333333, education=Education 3, dateOfBirth=1903-03-03T03:03:03.333Z, hospitalName=HospitalName 3, hospitalStreet=HospitalStreet 3, hospitalPincode=333333, hospitalCity=HospitalCity 3, id=null, password=null]
2024-08-22 01:30:45.609 INFO [main] [api.Payload.DieticianPayload.readRow(DieticianPayload.java:49)] - Looking for test case in Excel file: INVALID
2024-08-22 01:30:45.609 INFO [main] [api.Payload.DieticianPayload.readRow(DieticianPayload.java:68)] - Read dietician from Excel file: Dietician [firstName=JohnInvalidPincode, lastName=DoeInvalidPincode, email=johndoeinvalid@gmail.com, contactNumber=4444444444, education=Education 4, dateOfBirth=1904-04-04T04:04:04.444Z, hospitalName=HospitalName 4, hospitalStreet=HospitalStreet 4, hospitalPincode=444444444444444444, hospitalCity=HospitalCity 4, id=null, password=null]
2024-08-22 01:30:46.262 INFO [main] [api.Payload.DieticianPayload.readRow(DieticianPayload.java:49)] - Looking for test case in Excel file: FULL
2024-08-22 01:30:46.263 INFO [main] [api.Payload.DieticianPayload.readRow(DieticianPayload.java:68)] - Read dietician from Excel file: Dietician [firstName=JohnFull, lastName=DoeFull, email=johndoe26full@gmail.com, contactNumber=1144567892, education=Education 1, dateOfBirth=1978-01-09T01:01:01.111Z, hospitalName=HospitalName 1, hospitalStreet=HospitalStreet 1, hospitalPincode=111111, hospitalCity=HospitalCity 1, id=null, password=null]
2024-08-22 01:30:46.853 INFO [main] [api.Payload.DieticianPayload.readRow(DieticianPayload.java:49)] - Looking for test case in Excel file: FULL
2024-08-22 01:30:46.854 INFO [main] [api.Payload.DieticianPayload.readRow(DieticianPayload.java:68)] - Read dietician from Excel file: Dietician [firstName=JohnFull, lastName=DoeFull, email=johndoe26full@gmail.com, contactNumber=1144567892, education=Education 1, dateOfBirth=1978-01-09T01:01:01.111Z, hospitalName=HospitalName 1, hospitalStreet=HospitalStreet 1, hospitalPincode=111111, hospitalCity=HospitalCity 1, id=null, password=null]
2024-08-22 01:30:47.476 INFO [main] [api.Payload.DieticianPayload.readRow(DieticianPayload.java:49)] - Looking for test case in Excel file: FULL
2024-08-22 01:30:47.476 INFO [main] [api.Payload.DieticianPayload.readRow(DieticianPayload.java:68)] - Read dietician from Excel file: Dietician [firstName=JohnFull, lastName=DoeFull, email=johndoe26full@gmail.com, contactNumber=1144567892, education=Education 1, dateOfBirth=1978-01-09T01:01:01.111Z, hospitalName=HospitalName 1, hospitalStreet=HospitalStreet 1, hospitalPincode=111111, hospitalCity=HospitalCity 1, id=null, password=null]
2024-08-22 01:30:51.702 INFO [main] [api.Payload.DieticianPayload.readRow(DieticianPayload.java:49)] - Looking for test case in Excel file: FULL
2024-08-22 01:30:51.702 INFO [main] [api.Payload.DieticianPayload.readRow(DieticianPayload.java:68)] - Read dietician from Excel file: Dietician [firstName=JohnFull, lastName=DoeFull, email=johndoe26full@gmail.com, contactNumber=1144567892, education=Education 1, dateOfBirth=1978-01-09T01:01:01.111Z, hospitalName=HospitalName 1, hospitalStreet=HospitalStreet 1, hospitalPincode=111111, hospitalCity=HospitalCity 1, id=null, password=null]
2024-08-22 01:30:52.835 INFO [main] [api.Payload.DieticianPayload.readRow(DieticianPayload.java:49)] - Looking for test case in Excel file: FULL
2024-08-22 01:30:52.836 INFO [main] [api.Payload.DieticianPayload.readRow(DieticianPayload.java:68)] - Read dietician from Excel file: Dietician [firstName=JohnFull, lastName=DoeFull, email=johndoe26full@gmail.com, contactNumber=1144567892, education=Education 1, dateOfBirth=1978-01-09T01:01:01.111Z, hospitalName=HospitalName 1, hospitalStreet=HospitalStreet 1, hospitalPincode=111111, hospitalCity=HospitalCity 1, id=null, password=null]
2024-08-22 01:30:53.464 INFO [main] [api.Payload.DieticianPayload.readRow(DieticianPayload.java:49)] - Looking for test case in Excel file: FULL
2024-08-22 01:30:53.464 INFO [main] [api.Payload.DieticianPayload.readRow(DieticianPayload.java:68)] - Read dietician from Excel file: Dietician [firstName=JohnFull, lastName=DoeFull, email=johndoe26full@gmail.com, contactNumber=1144567892, education=Education 1, dateOfBirth=1978-01-09T01:01:01.111Z, hospitalName=HospitalName 1, hospitalStreet=HospitalStreet 1, hospitalPincode=111111, hospitalCity=HospitalCity 1, id=null, password=null]
2024-08-22 01:30:54.000 INFO [main] [api.Payload.DieticianPayload.readRow(DieticianPayload.java:49)] - Looking for test case in Excel file: MANDATORY
2024-08-22 01:30:54.001 INFO [main] [api.Payload.DieticianPayload.readRow(DieticianPayload.java:68)] - Read dietician from Excel file: Dietician [firstName=JohnMandatory, lastName=DoeMandatory, email=johndoe37mandatory@gmail.com, contactNumber=2254422257, education=Education 2, dateOfBirth=1983-02-16T02:02:02.222Z, hospitalName=HospitalName 2, hospitalStreet=HospitalStreet 2, hospitalPincode=222222, hospitalCity=HospitalCity 2, id=null, password=null]
2024-08-22 01:30:54.573 INFO [main] [api.Payload.DieticianPayload.readRow(DieticianPayload.java:49)] - Looking for test case in Excel file: ADDITIONAL
2024-08-22 01:30:54.573 INFO [main] [api.Payload.DieticianPayload.readRow(DieticianPayload.java:68)] - Read dietician from Excel file: Dietician [firstName=JohnAdditional, lastName=DoeAdditional, email=johndoeadditional@gmail.com, contactNumber=3333333333, education=Education 3, dateOfBirth=1903-03-03T03:03:03.333Z, hospitalName=HospitalName 3, hospitalStreet=HospitalStreet 3, hospitalPincode=333333, hospitalCity=HospitalCity 3, id=null, password=null]
2024-08-22 01:30:55.089 INFO [main] [api.Payload.DieticianPayload.readRow(DieticianPayload.java:49)] - Looking for test case in Excel file: INVALID
2024-08-22 01:30:55.089 INFO [main] [api.Payload.DieticianPayload.readRow(DieticianPayload.java:68)] - Read dietician from Excel file: Dietician [firstName=JohnInvalidPincode, lastName=DoeInvalidPincode, email=johndoeinvalid@gmail.com, contactNumber=4444444444, education=Education 4, dateOfBirth=1904-04-04T04:04:04.444Z, hospitalName=HospitalName 4, hospitalStreet=HospitalStreet 4, hospitalPincode=444444444444444444, hospitalCity=HospitalCity 4, id=null, password=null]
2024-08-22 01:30:55.678 INFO [main] [api.Payload.DieticianPayload.readRow(DieticianPayload.java:49)] - Looking for test case in Excel file: FULL
2024-08-22 01:30:55.678 INFO [main] [api.Payload.DieticianPayload.readRow(DieticianPayload.java:68)] - Read dietician from Excel file: Dietician [firstName=JohnFull, lastName=DoeFull, email=johndoe26full@gmail.com, contactNumber=1144567892, education=Education 1, dateOfBirth=1978-01-09T01:01:01.111Z, hospitalName=HospitalName 1, hospitalStreet=HospitalStreet 1, hospitalPincode=111111, hospitalCity=HospitalCity 1, id=null, password=null]
2024-08-22 01:30:56.233 INFO [main] [api.Payload.DieticianPayload.readRow(DieticianPayload.java:49)] - Looking for test case in Excel file: FULL
2024-08-22 01:30:56.234 INFO [main] [api.Payload.DieticianPayload.readRow(DieticianPayload.java:68)] - Read dietician from Excel file: Dietician [firstName=JohnFull, lastName=DoeFull, email=johndoe26full@gmail.com, contactNumber=1144567892, education=Education 1, dateOfBirth=1978-01-09T01:01:01.111Z, hospitalName=HospitalName 1, hospitalStreet=HospitalStreet 1, hospitalPincode=111111, hospitalCity=HospitalCity 1, id=null, password=null]
2024-08-22 01:30:56.858 INFO [main] [api.Payload.DieticianPayload.readRow(DieticianPayload.java:49)] - Looking for test case in Excel file: FULL
2024-08-22 01:30:56.858 INFO [main] [api.Payload.DieticianPayload.readRow(DieticianPayload.java:68)] - Read dietician from Excel file: Dietician [firstName=JohnFull, lastName=DoeFull, email=johndoe26full@gmail.com, contactNumber=1144567892, education=Education 1, dateOfBirth=1978-01-09T01:01:01.111Z, hospitalName=HospitalName 1, hospitalStreet=HospitalStreet 1, hospitalPincode=111111, hospitalCity=HospitalCity 1, id=null, password=null]
